<component name="libraryTable">
  <library name="JUnit_4.13.1">
    <CLASSES>
      <root url="jar://$PROJECT_DIR$/lib/JUnit_4.13.1/hamcrest-all-1.3.jar!/" />
      <root url="jar://$PROJECT_DIR$/lib/JUnit_4.13.1/junit-4.13.1.jar!/" />
    </CLASSES>
    <JAVADOC />
    <SOURCES />
  </library>
</component>